[2023-03-31T19:09:53Z] - [ThreadPoolExecutor-0_0] - [DEBUG] - linter.py:651 - DatadogCloudSIEM - XSOAR Linter - Finished, stdout: 
************* Module DatadogCloudSIEM
/home/moin/demisto/content/Packs/DatadogCloudSIEM/Integrations/DatadogCloudSIEM/DatadogCloudSIEM.py:1:0: W9011 : return_error used too many times, should be used only once in the code, in main function. Please remove other usages.

[2023-03-31T19:09:53Z] - [ThreadPoolExecutor-0_0] - [DEBUG] - linter.py:652 - DatadogCloudSIEM - XSOAR Linter - Finished, stderr: 
[2023-03-31T19:09:53Z] - [ThreadPoolExecutor-0_0] - [INFO] - linter.py:671 - DatadogCloudSIEM - Bandit - Start
[2023-03-31T19:09:54Z] - [ThreadPoolExecutor-0_0] - [DEBUG] - linter.py:676 - DatadogCloudSIEM - Bandit - Finished, exit-code: 0
[2023-03-31T19:09:54Z] - [ThreadPoolExecutor-0_0] - [DEBUG] - linter.py:677 - DatadogCloudSIEM - Bandit - Finished, stdout: 
[2023-03-31T19:09:54Z] - [ThreadPoolExecutor-0_0] - [DEBUG] - linter.py:678 - DatadogCloudSIEM - Bandit - Finished, stderr: 
[2023-03-31T19:09:54Z] - [ThreadPoolExecutor-0_0] - [INFO] - linter.py:686 - DatadogCloudSIEM - Bandit - Successfully finished
[2023-03-31T19:09:54Z] - [ThreadPoolExecutor-0_0] - [INFO] - linter.py:703 - DatadogCloudSIEM - Mypy - Start
[2023-03-31T19:09:55Z] - [ThreadPoolExecutor-0_0] - [DEBUG] - linter.py:711 - DatadogCloudSIEM - Mypy - Finished, exit-code: 0
[2023-03-31T19:09:55Z] - [ThreadPoolExecutor-0_0] - [DEBUG] - linter.py:712 - DatadogCloudSIEM - Mypy - Finished, stdout: 
Success: no issues found in 1 source file

[2023-03-31T19:09:55Z] - [ThreadPoolExecutor-0_0] - [DEBUG] - linter.py:713 - DatadogCloudSIEM - Mypy - Finished, stderr: 
[2023-03-31T19:09:55Z] - [ThreadPoolExecutor-0_0] - [INFO] - linter.py:721 - DatadogCloudSIEM - Mypy - Successfully finished
[2023-03-31T19:09:55Z] - [ThreadPoolExecutor-0_0] - [INFO] - linter.py:566 - DatadogCloudSIEM - Run Lint In Host - Finished successfully
[2023-03-31T19:09:55Z] - [ThreadPoolExecutor-0_0] - [INFO] - linter.py:752 - DatadogCloudSIEM - Run Lint On Docker Image - Running lint: Number of images=[['demisto/datadog-api-client:1.0.0.48939', '3.10']]
[2023-03-31T19:09:55Z] - [ThreadPoolExecutor-0_0] - [INFO] - linter.py:758 - DatadogCloudSIEM - Run Lint On Docker Image - Running lint on docker image demisto/datadog-api-client:1.0.0.48939
[2023-03-31T19:09:55Z] - [ThreadPoolExecutor-0_0] - [INFO] - linter.py:941 - DatadogCloudSIEM - Image create - Trying to pull existing image devtestdemisto/datadog-api-client:1.0.0.48939-f1a8a03f0d4031309fa67e5b6b566d13
[2023-03-31T19:09:55Z] - [ThreadPoolExecutor-0_0] - [DEBUG] - docker_helper.py:63 - pull_image - docker client already available, using current DOCKER_CLIENT
[2023-03-31T19:09:55Z] - [ThreadPoolExecutor-0_0] - [DEBUG] - connectionpool.py:456 - http://localhost:None "GET /v1.42/images/devtestdemisto/datadog-api-client:1.0.0.48939-f1a8a03f0d4031309fa67e5b6b566d13/json HTTP/1.1" 404 108
[2023-03-31T19:09:55Z] - [ThreadPoolExecutor-0_0] - [DEBUG] - docker_helper.py:107 - docker image devtestdemisto/datadog-api-client:1.0.0.48939-f1a8a03f0d4031309fa67e5b6b566d13 not found, pulling
[2023-03-31T19:09:55Z] - [ThreadPoolExecutor-0_0] - [DEBUG] - auth.py:39 - Looking for auth config
[2023-03-31T19:09:55Z] - [ThreadPoolExecutor-0_0] - [DEBUG] - auth.py:41 - No auth config in memory - loading from filesystem
[2023-03-31T19:09:55Z] - [ThreadPoolExecutor-0_0] - [DEBUG] - config.py:21 - Trying paths: ['/home/moin/.docker/config.json', '/home/moin/.dockercfg']
[2023-03-31T19:09:55Z] - [ThreadPoolExecutor-0_0] - [DEBUG] - config.py:28 - No config file found
[2023-03-31T19:09:55Z] - [ThreadPoolExecutor-0_0] - [DEBUG] - auth.py:240 - Looking for auth entry for 'docker.io'
[2023-03-31T19:09:55Z] - [ThreadPoolExecutor-0_0] - [DEBUG] - auth.py:251 - No entry found
[2023-03-31T19:09:55Z] - [ThreadPoolExecutor-0_0] - [DEBUG] - auth.py:56 - No auth config found
[2023-03-31T19:09:59Z] - [ThreadPoolExecutor-0_0] - [DEBUG] - connectionpool.py:456 - http://localhost:None "POST /v1.42/images/create?tag=1.0.0.48939-f1a8a03f0d4031309fa67e5b6b566d13&fromImage=devtestdemisto%2Fdatadog-api-client HTTP/1.1" 404 180
[2023-03-31T19:09:59Z] - [ThreadPoolExecutor-0_0] - [INFO] - linter.py:946 - DatadogCloudSIEM - Image create - Unable to find image devtestdemisto/datadog-api-client:1.0.0.48939-f1a8a03f0d4031309fa67e5b6b566d13
[2023-03-31T19:09:59Z] - [ThreadPoolExecutor-0_0] - [INFO] - linter.py:949 - DatadogCloudSIEM - Image create - Creating image based on demisto/datadog-api-client:1.0.0.48939 - Could take 2-3 minutes at first time
[2023-03-31T19:09:59Z] - [ThreadPoolExecutor-0_0] - [DEBUG] - docker_helper.py:176 - Trying to pull image demisto/datadog-api-client:1.0.0.48939
[2023-03-31T19:09:59Z] - [ThreadPoolExecutor-0_0] - [DEBUG] - docker_helper.py:63 - pull_image - docker client already available, using current DOCKER_CLIENT
[2023-03-31T19:09:59Z] - [ThreadPoolExecutor-0_0] - [DEBUG] - connectionpool.py:456 - http://localhost:None "GET /v1.42/images/demisto/datadog-api-client:1.0.0.48939/json HTTP/1.1" 200 None
[2023-03-31T19:09:59Z] - [ThreadPoolExecutor-0_0] - [DEBUG] - docker_helper.py:63 - docker client already available, using current DOCKER_CLIENT
[2023-03-31T19:09:59Z] - [ThreadPoolExecutor-0_0] - [DEBUG] - connectionpool.py:456 - http://localhost:None "POST /v1.42/containers/create HTTP/1.1" 201 88
[2023-03-31T19:09:59Z] - [ThreadPoolExecutor-0_0] - [DEBUG] - connectionpool.py:456 - http://localhost:None "GET /v1.42/containers/660bbb35319792fb84b8fd6c5cb40275cd53392674aaa8ca8736f9f08b3876d5/json HTTP/1.1" 200 None
[2023-03-31T19:10:00Z] - [ThreadPoolExecutor-0_0] - [DEBUG] - connectionpool.py:456 - http://localhost:None "POST /v1.42/containers/660bbb35319792fb84b8fd6c5cb40275cd53392674aaa8ca8736f9f08b3876d5/start HTTP/1.1" 204 0
[2023-03-31T19:10:00Z] - [ThreadPoolExecutor-0_0] - [DEBUG] - connectionpool.py:456 - http://localhost:None "POST /v1.42/containers/660bbb35319792fb84b8fd6c5cb40275cd53392674aaa8ca8736f9f08b3876d5/wait?condition=exited HTTP/1.1" 400 44
[2023-03-31T19:10:00Z] - [ThreadPoolExecutor-0_0] - [CRITICAL] - linter.py:982 - DatadogCloudSIEM - Image create - Build errors occurred 400 Client Error for http+docker://localhost/v1.42/containers/660bbb35319792fb84b8fd6c5cb40275cd53392674aaa8ca8736f9f08b3876d5/wait?condition=exited: Bad Request ("invalid condition: "exited"")
[2023-03-31T19:10:00Z] - [ThreadPoolExecutor-0_0] - [INFO] - linter.py:941 - DatadogCloudSIEM - Image create - Trying to pull existing image devtestdemisto/datadog-api-client:1.0.0.48939-f1a8a03f0d4031309fa67e5b6b566d13
[2023-03-31T19:10:00Z] - [ThreadPoolExecutor-0_0] - [DEBUG] - docker_helper.py:63 - pull_image - docker client already available, using current DOCKER_CLIENT
[2023-03-31T19:10:00Z] - [ThreadPoolExecutor-0_0] - [DEBUG] - connectionpool.py:456 - http://localhost:None "GET /v1.42/images/devtestdemisto/datadog-api-client:1.0.0.48939-f1a8a03f0d4031309fa67e5b6b566d13/json HTTP/1.1" 404 108
[2023-03-31T19:10:00Z] - [ThreadPoolExecutor-0_0] - [DEBUG] - docker_helper.py:107 - docker image devtestdemisto/datadog-api-client:1.0.0.48939-f1a8a03f0d4031309fa67e5b6b566d13 not found, pulling
[2023-03-31T19:10:00Z] - [ThreadPoolExecutor-0_0] - [DEBUG] - auth.py:39 - Looking for auth config
[2023-03-31T19:10:00Z] - [ThreadPoolExecutor-0_0] - [DEBUG] - auth.py:41 - No auth config in memory - loading from filesystem
[2023-03-31T19:10:00Z] - [ThreadPoolExecutor-0_0] - [DEBUG] - config.py:21 - Trying paths: ['/home/moin/.docker/config.json', '/home/moin/.dockercfg']
[2023-03-31T19:10:00Z] - [ThreadPoolExecutor-0_0] - [DEBUG] - config.py:28 - No config file found
[2023-03-31T19:10:00Z] - [ThreadPoolExecutor-0_0] - [DEBUG] - auth.py:240 - Looking for auth entry for 'docker.io'
[2023-03-31T19:10:00Z] - [ThreadPoolExecutor-0_0] - [DEBUG] - auth.py:251 - No entry found
[2023-03-31T19:10:00Z] - [ThreadPoolExecutor-0_0] - [DEBUG] - auth.py:56 - No auth config found
[2023-03-31T19:10:03Z] - [ThreadPoolExecutor-0_0] - [DEBUG] - connectionpool.py:456 - http://localhost:None "POST /v1.42/images/create?tag=1.0.0.48939-f1a8a03f0d4031309fa67e5b6b566d13&fromImage=devtestdemisto%2Fdatadog-api-client HTTP/1.1" 404 180
[2023-03-31T19:10:03Z] - [ThreadPoolExecutor-0_0] - [INFO] - linter.py:946 - DatadogCloudSIEM - Image create - Unable to find image devtestdemisto/datadog-api-client:1.0.0.48939-f1a8a03f0d4031309fa67e5b6b566d13
[2023-03-31T19:10:03Z] - [ThreadPoolExecutor-0_0] - [INFO] - linter.py:949 - DatadogCloudSIEM - Image create - Creating image based on demisto/datadog-api-client:1.0.0.48939 - Could take 2-3 minutes at first time
[2023-03-31T19:10:03Z] - [ThreadPoolExecutor-0_0] - [DEBUG] - docker_helper.py:176 - Trying to pull image demisto/datadog-api-client:1.0.0.48939
[2023-03-31T19:10:03Z] - [ThreadPoolExecutor-0_0] - [DEBUG] - docker_helper.py:63 - pull_image - docker client already available, using current DOCKER_CLIENT
[2023-03-31T19:10:03Z] - [ThreadPoolExecutor-0_0] - [DEBUG] - connectionpool.py:456 - http://localhost:None "GET /v1.42/images/demisto/datadog-api-client:1.0.0.48939/json HTTP/1.1" 200 None
[2023-03-31T19:10:03Z] - [ThreadPoolExecutor-0_0] - [DEBUG] - docker_helper.py:63 - docker client already available, using current DOCKER_CLIENT
[2023-03-31T19:10:04Z] - [ThreadPoolExecutor-0_0] - [DEBUG] - connectionpool.py:456 - http://localhost:None "POST /v1.42/containers/create HTTP/1.1" 201 88
[2023-03-31T19:10:04Z] - [ThreadPoolExecutor-0_0] - [DEBUG] - connectionpool.py:456 - http://localhost:None "GET /v1.42/containers/7a35feb4142d7065311122dfbd0d64f4d576f348febe243cb4e619a7d09aa8f9/json HTTP/1.1" 200 None
[2023-03-31T19:10:04Z] - [ThreadPoolExecutor-0_0] - [DEBUG] - connectionpool.py:456 - http://localhost:None "POST /v1.42/containers/7a35feb4142d7065311122dfbd0d64f4d576f348febe243cb4e619a7d09aa8f9/start HTTP/1.1" 204 0
[2023-03-31T19:10:04Z] - [ThreadPoolExecutor-0_0] - [DEBUG] - connectionpool.py:456 - http://localhost:None "POST /v1.42/containers/7a35feb4142d7065311122dfbd0d64f4d576f348febe243cb4e619a7d09aa8f9/wait?condition=exited HTTP/1.1" 400 44
[2023-03-31T19:10:04Z] - [ThreadPoolExecutor-0_0] - [CRITICAL] - linter.py:982 - DatadogCloudSIEM - Image create - Build errors occurred 400 Client Error for http+docker://localhost/v1.42/containers/7a35feb4142d7065311122dfbd0d64f4d576f348febe243cb4e619a7d09aa8f9/wait?condition=exited: Bad Request ("invalid condition: "exited"")
[2023-03-31T19:10:04Z] - [ThreadPoolExecutor-0_0] - [INFO] - linter.py:874 - DatadogCloudSIEM - Run Lint On Docker Image - Finished linting on docker image demisto/datadog-api-client:1.0.0.48939
[2023-03-31T19:10:04Z] - [ThreadPoolExecutor-0_0] - [INFO] - linter.py:877 - DatadogCloudSIEM - Run Lint On Docker Image - Finished linting. Number of images=[['demisto/datadog-api-client:1.0.0.48939', '3.10']]
[2023-03-31T19:10:04Z] - [ThreadPoolExecutor-0_0] - [INFO] - linter.py:274 - DatadogCloudSIEM - Run - Finished Successfully
[2023-03-31T19:10:04Z] - [MainThread] - [DEBUG] - lint_manager.py:530 - checking output of future i=0
[2023-03-31T19:10:04Z] - [MainThread] - [INFO] - lint_manager.py:532 - Got lint results for DatadogCloudSIEM
[2023-03-31T19:10:04Z] - [MainThread] - [INFO] - lint_manager.py:553 - Finished all futures
[2023-03-31T19:10:05Z] - [MainThread] - [WARNING] - helpers.py:558 - skipping coverage report coverage_report/.coverage file not found. Should not expect this if code files were changed or when linting all with pytest.
[2023-03-31T19:10:05Z] - [MainThread] - [INFO] - lint_manager.py:821 - Flake8       - [PASS]
[2023-03-31T19:10:05Z] - [MainThread] - [INFO] - lint_manager.py:821 - XSOAR linter - [PASS]
[2023-03-31T19:10:05Z] - [MainThread] - [INFO] - lint_manager.py:821 - Bandit       - [PASS]
[2023-03-31T19:10:05Z] - [MainThread] - [INFO] - lint_manager.py:821 - Mypy         - [PASS]
[2023-03-31T19:10:05Z] - [MainThread] - [INFO] - lint_manager.py:821 - Vulture      - [PASS]
[2023-03-31T19:10:05Z] - [MainThread] - [INFO] - lint_manager.py:821 - Pytest       - [PASS]
[2023-03-31T19:10:05Z] - [MainThread] - [INFO] - lint_manager.py:821 - Pylint       - [PASS]
[2023-03-31T19:10:05Z] - [MainThread] - [INFO] - lint_manager.py:823 - Pwsh analyze - [SKIPPED]
[2023-03-31T19:10:05Z] - [MainThread] - [INFO] - lint_manager.py:823 - Pwsh test    - [SKIPPED]
[2023-03-31T19:10:05Z] - [MainThread] - [INFO] - lint_manager.py:884 - 
#######################
[2023-03-31T19:10:05Z] - [MainThread] - [INFO] - lint_manager.py:885 -  Xsoar_linter warnings 
[2023-03-31T19:10:05Z] - [MainThread] - [INFO] - lint_manager.py:886 - #######################

[2023-03-31T19:10:05Z] - [MainThread] - [INFO] - lint_manager.py:888 - DatadogCloudSIEM
[2023-03-31T19:10:05Z] - [MainThread] - [INFO] - lint_manager.py:889 - /home/moin/demisto/content/Packs/DatadogCloudSIEM/Integrations/DatadogCloudSIEM/DatadogCloudSIEM.py:1:0: W9011 : return_error used too many times, should be used only once in the code, in main function. Please remove other usages.
[2023-03-31T19:10:05Z] - [MainThread] - [INFO] - lint_manager.py:1079 - 
#######################
[2023-03-31T19:10:05Z] - [MainThread] - [INFO] - lint_manager.py:1080 -  Image creation errors 
[2023-03-31T19:10:05Z] - [MainThread] - [INFO] - lint_manager.py:1081 - #######################
[2023-03-31T19:10:05Z] - [MainThread] - [INFO] - lint_manager.py:1083 -   - Package: DatadogCloudSIEM
[2023-03-31T19:10:05Z] - [MainThread] - [INFO] - lint_manager.py:1085 -     Image: demisto/datadog-api-client:1.0.0.48939
[2023-03-31T19:10:05Z] - [MainThread] - [INFO] - lint_manager.py:1086 -       Error: 400 Client Error for http+docker://localhost/v1.42/containers/7a35feb4142d7065311122dfb
             d0d64f4d576f348febe243cb4e619a7d09aa8f9/wait?condition=exited: Bad Request ("invalid
             condition: "exited"")
[2023-03-31T19:10:05Z] - [MainThread] - [INFO] - lint_manager.py:1142 - 
#########
[2023-03-31T19:10:05Z] - [MainThread] - [INFO] - lint_manager.py:1143 -  Summary 
[2023-03-31T19:10:05Z] - [MainThread] - [INFO] - lint_manager.py:1144 - #########
[2023-03-31T19:10:05Z] - [MainThread] - [INFO] - lint_manager.py:1145 - Packages: 1
[2023-03-31T19:10:05Z] - [MainThread] - [INFO] - lint_manager.py:1146 - Packages PASS: 0
[2023-03-31T19:10:05Z] - [MainThread] - [INFO] - lint_manager.py:1147 - Packages FAIL: 1
[2023-03-31T19:10:05Z] - [MainThread] - [INFO] - lint_manager.py:1148 - Packages WARNING (can either PASS or FAIL): 1

[2023-03-31T19:10:05Z] - [MainThread] - [INFO] - lint_manager.py:1154 - Warning packages:
[2023-03-31T19:10:05Z] - [MainThread] - [INFO] - lint_manager.py:1156 -    - DatadogCloudSIEM
[2023-03-31T19:10:05Z] - [MainThread] - [INFO] - lint_manager.py:1159 - Failed packages:
[2023-03-31T19:10:05Z] - [MainThread] - [INFO] - lint_manager.py:1161 -    - DatadogCloudSIEM
[2023-03-31T19:10:38Z] - [MainThread] - [DEBUG] - cmd.py:976 - Popen(['git', 'remote', 'get-url', '--all', 'origin'], cwd=/home/moin/demisto/content, universal_newlines=False, shell=None, istream=None)
[2023-03-31T19:10:38Z] - [MainThread] - [DEBUG] - connectionpool.py:1003 - Starting new HTTPS connection (1): pypi.org:443
[2023-03-31T19:10:38Z] - [MainThread] - [DEBUG] - connectionpool.py:456 - https://pypi.org:443 "GET /pypi/demisto-sdk/json HTTP/1.1" 200 31906
[2023-03-31T19:10:38Z] - [MainThread] - [INFO] - __main__.py:216 - You are using demisto-sdk 1.11.0.
[2023-03-31T19:10:42Z] - [MainThread] - [INFO] - common.py:37 - Output file was saved to :
/home/moin/demisto/content/Packs/DatadogCloudSIEM/Integrations/DatadogCloudSIEM/README.md
[2023-03-31T19:10:42Z] - [MainThread] - [INFO] - generate_integration_doc.py:213 - Possible Errors:
[2023-03-31T19:10:42Z] - [MainThread] - [INFO] - generate_integration_doc.py:215 - Command examples was not found: None.
[2023-03-31T19:10:42Z] - [MainThread] - [INFO] - generate_integration_doc.py:215 - did not get any example for datadog-event-create. please add it manually.
[2023-03-31T19:10:42Z] - [MainThread] - [INFO] - generate_integration_doc.py:215 - did not get any example for datadog-event-list. please add it manually.
[2023-03-31T19:10:42Z] - [MainThread] - [INFO] - generate_integration_doc.py:215 - did not get any example for datadog-tag-list. please add it manually.
[2023-03-31T19:10:42Z] - [MainThread] - [INFO] - generate_integration_doc.py:215 - did not get any example for datadog-host-tag-create. please add it manually.
[2023-03-31T19:10:42Z] - [MainThread] - [INFO] - generate_integration_doc.py:215 - did not get any example for datadog-host-tag-get. please add it manually.
[2023-03-31T19:10:42Z] - [MainThread] - [INFO] - generate_integration_doc.py:215 - did not get any example for datadog-host-tag-update. please add it manually.
[2023-03-31T19:10:42Z] - [MainThread] - [INFO] - generate_integration_doc.py:215 - did not get any example for datadog-host-tag-delete. please add it manually.
[2023-03-31T19:10:42Z] - [MainThread] - [INFO] - generate_integration_doc.py:215 - did not get any example for datadog-active-metric-list. please add it manually.
[2023-03-31T19:10:42Z] - [MainThread] - [INFO] - generate_integration_doc.py:215 - did not get any example for datadog-metric-search. please add it manually.
[2023-03-31T19:10:42Z] - [MainThread] - [INFO] - generate_integration_doc.py:215 - did not get any example for datadog-metric-metadata-get. please add it manually.
[2023-03-31T19:10:42Z] - [MainThread] - [INFO] - generate_integration_doc.py:215 - did not get any example for datadog-metric-metadata-update. please add it manually.
[2023-03-31T19:10:42Z] - [MainThread] - [INFO] - generate_integration_doc.py:215 - did not get any example for datadog-incident-create. please add it manually.
[2023-03-31T19:10:42Z] - [MainThread] - [INFO] - generate_integration_doc.py:215 - did not get any example for datadog-incident-delete. please add it manually.
[2023-03-31T19:10:42Z] - [MainThread] - [INFO] - generate_integration_doc.py:215 - did not get any example for datadog-incident-update. please add it manually.
