[32m[2021-03-03 14:53:12][0m - [MainThread] - [1;30m[DEBUG][0m - [36mPopen(['git', 'cat-file', '--batch-check'], cwd=/Users/adaud/dev/demisto/content, universal_newlines=False, shell=None, istream=<valid stream>)[0m
[32m[2021-03-03 14:53:12][0m - [MainThread] - [1;30m[DEBUG][0m - [36mPopen(['git', 'diff-tree', 'a31a708ffdfd46c3e6ef776b24c584f54c05626e', 'trigger-private-build', '-r', '--abbrev=40', '--full-index', '-M', '--raw', '--no-color'], cwd=/Users/adaud/dev/demisto/content, universal_newlines=False, shell=None, istream=None)[0m
[32m[2021-03-03 14:53:12][0m - [Thread-8] - [1;30m[DEBUG][0m - [36mPopen(['git', 'cat-file', '--batch'], cwd=/Users/adaud/dev/demisto/content, universal_newlines=False, shell=None, istream=<valid stream>)[0m
[32m[2021-03-03 14:53:12][0m - [MainThread] - [1;30m[DEBUG][0m - [36mPopen(['git', 'diff', '--name-only', 'origin/master...trigger-private-build'], cwd=/Users/adaud/dev/demisto/content, universal_newlines=False, shell=None, istream=None)[0m
[32m[2021-03-03 14:53:12][0m - [MainThread] - [1;30m[DEBUG][0m - [36mPopen(['git', 'status', '--short', '-u'], cwd=/Users/adaud/dev/demisto/content, universal_newlines=False, shell=None, istream=None)[0m
[32m[2021-03-03 14:53:12][0m - [MainThread] - [1;30m[DEBUG][0m - [36mPopen(['git', 'diff', 'b65ad8beee1a80d814fa0a7626bf8f0cf0008ea0', '--cached', '--abbrev=40', '--full-index', '-M', '--raw', '--no-color'], cwd=/Users/adaud/dev/demisto/content, universal_newlines=False, shell=None, istream=None)[0m
[32m[2021-03-03 14:53:12][0m - [MainThread] - [1;30m[DEBUG][0m - [36mPopen(['git', 'diff-tree', 'a31a708ffdfd46c3e6ef776b24c584f54c05626e', 'trigger-private-build', '-r', '--abbrev=40', '--full-index', '-M', '--raw', '--no-color'], cwd=/Users/adaud/dev/demisto/content, universal_newlines=False, shell=None, istream=None)[0m
[32m[2021-03-03 14:53:12][0m - [MainThread] - [1;30m[DEBUG][0m - [36mPopen(['git', 'diff', '--name-only', 'origin/master...trigger-private-build'], cwd=/Users/adaud/dev/demisto/content, universal_newlines=False, shell=None, istream=None)[0m
[32m[2021-03-03 14:53:12][0m - [MainThread] - [1;30m[DEBUG][0m - [36mPopen(['git', 'status', '--short', '-u'], cwd=/Users/adaud/dev/demisto/content, universal_newlines=False, shell=None, istream=None)[0m
[32m[2021-03-03 14:53:12][0m - [MainThread] - [1;30m[DEBUG][0m - [36mPopen(['git', 'diff', 'b65ad8beee1a80d814fa0a7626bf8f0cf0008ea0', '--cached', '--abbrev=40', '--full-index', '-M', '--raw', '--no-color'], cwd=/Users/adaud/dev/demisto/content, universal_newlines=False, shell=None, istream=None)[0m
[32m[2021-03-03 14:53:13][0m - [MainThread] - [1;30m[DEBUG][0m - [36mPopen(['git', 'diff-tree', 'a31a708ffdfd46c3e6ef776b24c584f54c05626e', 'trigger-private-build', '-r', '--abbrev=40', '--full-index', '-M', '--raw', '--no-color'], cwd=/Users/adaud/dev/demisto/content, universal_newlines=False, shell=None, istream=None)[0m
[32m[2021-03-03 14:53:13][0m - [MainThread] - [1;30m[DEBUG][0m - [36mPopen(['git', 'diff', '--name-only', 'origin/master...trigger-private-build'], cwd=/Users/adaud/dev/demisto/content, universal_newlines=False, shell=None, istream=None)[0m
[32m[2021-03-03 14:53:13][0m - [MainThread] - [1;30m[DEBUG][0m - [36mPopen(['git', 'status', '--short', '-u'], cwd=/Users/adaud/dev/demisto/content, universal_newlines=False, shell=None, istream=None)[0m
[32m[2021-03-03 14:53:13][0m - [MainThread] - [1;30m[DEBUG][0m - [36mPopen(['git', 'diff', 'b65ad8beee1a80d814fa0a7626bf8f0cf0008ea0', '--cached', '--abbrev=40', '--full-index', '-M', '--raw', '--no-color'], cwd=/Users/adaud/dev/demisto/content, universal_newlines=False, shell=None, istream=None)[0m
[32m[2021-03-03 14:53:13][0m - [MainThread] - [1;30m[DEBUG][0m - [36mPopen(['git', 'diff-tree', 'a31a708ffdfd46c3e6ef776b24c584f54c05626e', 'trigger-private-build', '-r', '--abbrev=40', '--full-index', '-M', '--raw', '--no-color'], cwd=/Users/adaud/dev/demisto/content, universal_newlines=False, shell=None, istream=None)[0m
[32m[2021-03-03 14:53:13][0m - [MainThread] - [1;30m[DEBUG][0m - [36mPopen(['git', 'diff', '--name-only', 'origin/master...trigger-private-build'], cwd=/Users/adaud/dev/demisto/content, universal_newlines=False, shell=None, istream=None)[0m
[32m[2021-03-03 14:53:13][0m - [MainThread] - [1;30m[DEBUG][0m - [36mPopen(['git', 'status', '--short', '-u'], cwd=/Users/adaud/dev/demisto/content, universal_newlines=False, shell=None, istream=None)[0m
[32m[2021-03-03 14:53:13][0m - [MainThread] - [1;30m[DEBUG][0m - [36mPopen(['git', 'diff', 'b65ad8beee1a80d814fa0a7626bf8f0cf0008ea0', '--cached', '--abbrev=40', '--full-index', '-M', '--raw', '--no-color'], cwd=/Users/adaud/dev/demisto/content, universal_newlines=False, shell=None, istream=None)[0m
[32m[2021-03-03 14:53:14][0m - [MainThread] - [1;30m[DEBUG][0m - [36mPopen(['git', 'diff-tree', 'a31a708ffdfd46c3e6ef776b24c584f54c05626e', 'trigger-private-build', '-r', '--abbrev=40', '--full-index', '-M', '--raw', '--no-color'], cwd=/Users/adaud/dev/demisto/content, universal_newlines=False, shell=None, istream=None)[0m
[32m[2021-03-03 14:54:34][0m - [MainThread] - [1;30m[DEBUG][0m - [36mPopen(['git', 'cat-file', '--batch-check'], cwd=/Users/adaud/dev/demisto/content, universal_newlines=False, shell=None, istream=<valid stream>)[0m
[32m[2021-03-03 14:54:34][0m - [MainThread] - [1;30m[DEBUG][0m - [36mPopen(['git', 'diff-tree', 'a31a708ffdfd46c3e6ef776b24c584f54c05626e', 'trigger-private-build', '-r', '--abbrev=40', '--full-index', '-M', '--raw', '--no-color'], cwd=/Users/adaud/dev/demisto/content, universal_newlines=False, shell=None, istream=None)[0m
[32m[2021-03-03 14:54:34][0m - [Thread-14] - [1;30m[DEBUG][0m - [36mPopen(['git', 'cat-file', '--batch'], cwd=/Users/adaud/dev/demisto/content, universal_newlines=False, shell=None, istream=<valid stream>)[0m
[32m[2021-03-03 14:54:34][0m - [MainThread] - [1;30m[DEBUG][0m - [36mPopen(['git', 'diff', '--name-only', 'origin/master...trigger-private-build'], cwd=/Users/adaud/dev/demisto/content, universal_newlines=False, shell=None, istream=None)[0m
[32m[2021-03-03 14:54:34][0m - [MainThread] - [1;30m[DEBUG][0m - [36mPopen(['git', 'status', '--short', '-u'], cwd=/Users/adaud/dev/demisto/content, universal_newlines=False, shell=None, istream=None)[0m
[32m[2021-03-03 14:54:34][0m - [MainThread] - [1;30m[DEBUG][0m - [36mPopen(['git', 'diff', 'b65ad8beee1a80d814fa0a7626bf8f0cf0008ea0', '--cached', '--abbrev=40', '--full-index', '-M', '--raw', '--no-color'], cwd=/Users/adaud/dev/demisto/content, universal_newlines=False, shell=None, istream=None)[0m
[32m[2021-03-03 14:54:34][0m - [MainThread] - [1;30m[DEBUG][0m - [36mPopen(['git', 'diff-tree', 'a31a708ffdfd46c3e6ef776b24c584f54c05626e', 'trigger-private-build', '-r', '--abbrev=40', '--full-index', '-M', '--raw', '--no-color'], cwd=/Users/adaud/dev/demisto/content, universal_newlines=False, shell=None, istream=None)[0m
[32m[2021-03-03 14:54:34][0m - [MainThread] - [1;30m[DEBUG][0m - [36mPopen(['git', 'diff', '--name-only', 'origin/master...trigger-private-build'], cwd=/Users/adaud/dev/demisto/content, universal_newlines=False, shell=None, istream=None)[0m
[32m[2021-03-03 14:55:11][0m - [MainThread] - [1;30m[DEBUG][0m - [36mPopen(['git', 'status', '--short', '-u'], cwd=/Users/adaud/dev/demisto/content, universal_newlines=False, shell=None, istream=None)[0m
[32m[2021-03-03 14:55:15][0m - [MainThread] - [1;30m[DEBUG][0m - [36mPopen(['git', 'diff', 'b65ad8beee1a80d814fa0a7626bf8f0cf0008ea0', '--cached', '--abbrev=40', '--full-index', '-M', '--raw', '--no-color'], cwd=/Users/adaud/dev/demisto/content, universal_newlines=False, shell=None, istream=None)[0m
[32m[2021-03-03 14:56:16][0m - [MainThread] - [1;30m[DEBUG][0m - [36mPopen(['git', 'cat-file', '--batch-check'], cwd=/Users/adaud/dev/demisto/content, universal_newlines=False, shell=None, istream=<valid stream>)[0m
[32m[2021-03-03 14:56:16][0m - [MainThread] - [1;30m[DEBUG][0m - [36mPopen(['git', 'diff-tree', 'a31a708ffdfd46c3e6ef776b24c584f54c05626e', 'trigger-private-build', '-r', '--abbrev=40', '--full-index', '-M', '--raw', '--no-color'], cwd=/Users/adaud/dev/demisto/content, universal_newlines=False, shell=None, istream=None)[0m
[32m[2021-03-03 14:56:16][0m - [Thread-8] - [1;30m[DEBUG][0m - [36mPopen(['git', 'cat-file', '--batch'], cwd=/Users/adaud/dev/demisto/content, universal_newlines=False, shell=None, istream=<valid stream>)[0m
[32m[2021-03-03 14:56:16][0m - [MainThread] - [1;30m[DEBUG][0m - [36mPopen(['git', 'diff', '--name-only', 'origin/master...trigger-private-build'], cwd=/Users/adaud/dev/demisto/content, universal_newlines=False, shell=None, istream=None)[0m
[32m[2021-03-03 14:56:16][0m - [MainThread] - [1;30m[DEBUG][0m - [36mPopen(['git', 'status', '--short', '-u'], cwd=/Users/adaud/dev/demisto/content, universal_newlines=False, shell=None, istream=None)[0m
[32m[2021-03-03 14:56:16][0m - [MainThread] - [1;30m[DEBUG][0m - [36mPopen(['git', 'diff', 'b65ad8beee1a80d814fa0a7626bf8f0cf0008ea0', '--cached', '--abbrev=40', '--full-index', '-M', '--raw', '--no-color'], cwd=/Users/adaud/dev/demisto/content, universal_newlines=False, shell=None, istream=None)[0m
[32m[2021-03-03 14:56:16][0m - [MainThread] - [1;30m[DEBUG][0m - [36mPopen(['git', 'diff-tree', 'a31a708ffdfd46c3e6ef776b24c584f54c05626e', 'trigger-private-build', '-r', '--abbrev=40', '--full-index', '-M', '--raw', '--no-color'], cwd=/Users/adaud/dev/demisto/content, universal_newlines=False, shell=None, istream=None)[0m
[32m[2021-03-03 14:56:17][0m - [MainThread] - [1;30m[DEBUG][0m - [36mPopen(['git', 'diff', '--name-only', 'origin/master...trigger-private-build'], cwd=/Users/adaud/dev/demisto/content, universal_newlines=False, shell=None, istream=None)[0m
[32m[2021-03-03 14:59:29][0m - [MainThread] - [1;30m[DEBUG][0m - [36mPopen(['git', 'cat-file', '--batch-check'], cwd=/Users/adaud/dev/demisto/content, universal_newlines=False, shell=None, istream=<valid stream>)[0m
[32m[2021-03-03 14:59:29][0m - [MainThread] - [1;30m[DEBUG][0m - [36mPopen(['git', 'diff-tree', 'a31a708ffdfd46c3e6ef776b24c584f54c05626e', 'trigger-private-build', '-r', '--abbrev=40', '--full-index', '-M', '--raw', '--no-color'], cwd=/Users/adaud/dev/demisto/content, universal_newlines=False, shell=None, istream=None)[0m
[32m[2021-03-03 14:59:29][0m - [Thread-7] - [1;30m[DEBUG][0m - [36mPopen(['git', 'cat-file', '--batch'], cwd=/Users/adaud/dev/demisto/content, universal_newlines=False, shell=None, istream=<valid stream>)[0m
[32m[2021-03-03 14:59:29][0m - [MainThread] - [1;30m[DEBUG][0m - [36mPopen(['git', 'diff', '--name-only', 'origin/master...trigger-private-build'], cwd=/Users/adaud/dev/demisto/content, universal_newlines=False, shell=None, istream=None)[0m
[32m[2021-03-03 14:59:29][0m - [MainThread] - [1;30m[DEBUG][0m - [36mPopen(['git', 'status', '--short', '-u'], cwd=/Users/adaud/dev/demisto/content, universal_newlines=False, shell=None, istream=None)[0m
[32m[2021-03-03 14:59:30][0m - [MainThread] - [1;30m[DEBUG][0m - [36mPopen(['git', 'diff', 'b65ad8beee1a80d814fa0a7626bf8f0cf0008ea0', '--cached', '--abbrev=40', '--full-index', '-M', '--raw', '--no-color'], cwd=/Users/adaud/dev/demisto/content, universal_newlines=False, shell=None, istream=None)[0m
[32m[2021-03-03 15:07:04][0m - [MainThread] - [1;30m[DEBUG][0m - [36mPopen(['git', 'cat-file', '--batch-check'], cwd=/Users/adaud/dev/demisto/content, universal_newlines=False, shell=None, istream=<valid stream>)[0m
[32m[2021-03-03 15:07:04][0m - [MainThread] - [1;30m[DEBUG][0m - [36mPopen(['git', 'diff-tree', 'a31a708ffdfd46c3e6ef776b24c584f54c05626e', 'trigger-private-build', '-r', '--abbrev=40', '--full-index', '-M', '--raw', '--no-color'], cwd=/Users/adaud/dev/demisto/content, universal_newlines=False, shell=None, istream=None)[0m
[32m[2021-03-03 15:07:04][0m - [Thread-7] - [1;30m[DEBUG][0m - [36mPopen(['git', 'cat-file', '--batch'], cwd=/Users/adaud/dev/demisto/content, universal_newlines=False, shell=None, istream=<valid stream>)[0m
[32m[2021-03-03 15:07:04][0m - [MainThread] - [1;30m[DEBUG][0m - [36mPopen(['git', 'diff', '--name-only', 'origin/master...trigger-private-build'], cwd=/Users/adaud/dev/demisto/content, universal_newlines=False, shell=None, istream=None)[0m
[32m[2021-03-03 15:07:04][0m - [MainThread] - [1;30m[DEBUG][0m - [36mPopen(['git', 'status', '--short', '-u'], cwd=/Users/adaud/dev/demisto/content, universal_newlines=False, shell=None, istream=None)[0m
[32m[2021-03-03 15:07:04][0m - [MainThread] - [1;30m[DEBUG][0m - [36mPopen(['git', 'diff', 'b65ad8beee1a80d814fa0a7626bf8f0cf0008ea0', '--cached', '--abbrev=40', '--full-index', '-M', '--raw', '--no-color'], cwd=/Users/adaud/dev/demisto/content, universal_newlines=False, shell=None, istream=None)[0m
[32m[2021-03-03 15:07:56][0m - [MainThread] - [1;30m[DEBUG][0m - [36mPopen(['git', 'diff-tree', 'a31a708ffdfd46c3e6ef776b24c584f54c05626e', 'trigger-private-build', '-r', '--abbrev=40', '--full-index', '-M', '--raw', '--no-color'], cwd=/Users/adaud/dev/demisto/content, universal_newlines=False, shell=None, istream=None)[0m
[32m[2021-03-03 15:09:18][0m - [MainThread] - [1;30m[DEBUG][0m - [36mPopen(['git', 'cat-file', '--batch-check'], cwd=/Users/adaud/dev/demisto/content, universal_newlines=False, shell=None, istream=<valid stream>)[0m
[32m[2021-03-03 15:09:18][0m - [MainThread] - [1;30m[DEBUG][0m - [36mPopen(['git', 'diff-tree', 'a31a708ffdfd46c3e6ef776b24c584f54c05626e', 'trigger-private-build', '-r', '--abbrev=40', '--full-index', '-M', '--raw', '--no-color'], cwd=/Users/adaud/dev/demisto/content, universal_newlines=False, shell=None, istream=None)[0m
[32m[2021-03-03 15:09:18][0m - [Thread-8] - [1;30m[DEBUG][0m - [36mPopen(['git', 'cat-file', '--batch'], cwd=/Users/adaud/dev/demisto/content, universal_newlines=False, shell=None, istream=<valid stream>)[0m
[32m[2021-03-03 15:09:18][0m - [MainThread] - [1;30m[DEBUG][0m - [36mPopen(['git', 'diff', '--name-only', 'origin/master...trigger-private-build'], cwd=/Users/adaud/dev/demisto/content, universal_newlines=False, shell=None, istream=None)[0m
[32m[2021-03-03 15:09:18][0m - [MainThread] - [1;30m[DEBUG][0m - [36mPopen(['git', 'status', '--short', '-u'], cwd=/Users/adaud/dev/demisto/content, universal_newlines=False, shell=None, istream=None)[0m
[32m[2021-03-03 15:09:19][0m - [MainThread] - [1;30m[DEBUG][0m - [36mPopen(['git', 'diff', 'b65ad8beee1a80d814fa0a7626bf8f0cf0008ea0', '--cached', '--abbrev=40', '--full-index', '-M', '--raw', '--no-color'], cwd=/Users/adaud/dev/demisto/content, universal_newlines=False, shell=None, istream=None)[0m
[32m[2021-03-03 15:09:35][0m - [MainThread] - [1;30m[DEBUG][0m - [36mPopen(['git', 'diff-tree', 'a31a708ffdfd46c3e6ef776b24c584f54c05626e', 'trigger-private-build', '-r', '--abbrev=40', '--full-index', '-M', '--raw', '--no-color'], cwd=/Users/adaud/dev/demisto/content, universal_newlines=False, shell=None, istream=None)[0m
[32m[2021-03-03 15:09:35][0m - [MainThread] - [1;30m[DEBUG][0m - [36mPopen(['git', 'diff', '--name-only', 'origin/master...trigger-private-build'], cwd=/Users/adaud/dev/demisto/content, universal_newlines=False, shell=None, istream=None)[0m
[32m[2021-03-03 15:09:37][0m - [MainThread] - [1;30m[DEBUG][0m - [36mPopen(['git', 'status', '--short', '-u'], cwd=/Users/adaud/dev/demisto/content, universal_newlines=False, shell=None, istream=None)[0m
[32m[2021-03-03 15:09:37][0m - [MainThread] - [1;30m[DEBUG][0m - [36mPopen(['git', 'diff', 'b65ad8beee1a80d814fa0a7626bf8f0cf0008ea0', '--cached', '--abbrev=40', '--full-index', '-M', '--raw', '--no-color'], cwd=/Users/adaud/dev/demisto/content, universal_newlines=False, shell=None, istream=None)[0m
[32m[2021-03-03 15:09:58][0m - [MainThread] - [1;30m[DEBUG][0m - [36mPopen(['git', 'diff-tree', 'a31a708ffdfd46c3e6ef776b24c584f54c05626e', 'trigger-private-build', '-r', '--abbrev=40', '--full-index', '-M', '--raw', '--no-color'], cwd=/Users/adaud/dev/demisto/content, universal_newlines=False, shell=None, istream=None)[0m
[32m[2021-03-03 15:09:58][0m - [MainThread] - [1;30m[DEBUG][0m - [36mPopen(['git', 'diff', '--name-only', 'origin/master...trigger-private-build'], cwd=/Users/adaud/dev/demisto/content, universal_newlines=False, shell=None, istream=None)[0m
[32m[2021-03-03 15:09:58][0m - [MainThread] - [1;30m[DEBUG][0m - [36mPopen(['git', 'status', '--short', '-u'], cwd=/Users/adaud/dev/demisto/content, universal_newlines=False, shell=None, istream=None)[0m
[32m[2021-03-03 15:09:58][0m - [MainThread] - [1;30m[DEBUG][0m - [36mPopen(['git', 'diff', 'b65ad8beee1a80d814fa0a7626bf8f0cf0008ea0', '--cached', '--abbrev=40', '--full-index', '-M', '--raw', '--no-color'], cwd=/Users/adaud/dev/demisto/content, universal_newlines=False, shell=None, istream=None)[0m
[32m[2021-03-03 15:09:58][0m - [MainThread] - [1;30m[DEBUG][0m - [36mPopen(['git', 'diff-tree', 'a31a708ffdfd46c3e6ef776b24c584f54c05626e', 'trigger-private-build', '-r', '--abbrev=40', '--full-index', '-M', '--raw', '--no-color'], cwd=/Users/adaud/dev/demisto/content, universal_newlines=False, shell=None, istream=None)[0m
[32m[2021-03-03 15:09:58][0m - [MainThread] - [1;30m[DEBUG][0m - [36mPopen(['git', 'diff', '--name-only', 'origin/master...trigger-private-build'], cwd=/Users/adaud/dev/demisto/content, universal_newlines=False, shell=None, istream=None)[0m
[32m[2021-03-03 15:14:40][0m - [MainThread] - [1;30m[DEBUG][0m - [36mPopen(['git', 'cat-file', '--batch-check'], cwd=/Users/adaud/dev/demisto/content, universal_newlines=False, shell=None, istream=<valid stream>)[0m
[32m[2021-03-03 15:14:40][0m - [MainThread] - [1;30m[DEBUG][0m - [36mPopen(['git', 'diff-tree', 'a31a708ffdfd46c3e6ef776b24c584f54c05626e', 'trigger-private-build', '-r', '--abbrev=40', '--full-index', '-M', '--raw', '--no-color'], cwd=/Users/adaud/dev/demisto/content, universal_newlines=False, shell=None, istream=None)[0m
[32m[2021-03-03 15:14:40][0m - [Thread-7] - [1;30m[DEBUG][0m - [36mPopen(['git', 'cat-file', '--batch'], cwd=/Users/adaud/dev/demisto/content, universal_newlines=False, shell=None, istream=<valid stream>)[0m
[32m[2021-03-03 15:14:40][0m - [MainThread] - [1;30m[DEBUG][0m - [36mPopen(['git', 'diff', '--name-only', 'origin/master...trigger-private-build'], cwd=/Users/adaud/dev/demisto/content, universal_newlines=False, shell=None, istream=None)[0m
[32m[2021-03-03 15:14:42][0m - [MainThread] - [1;30m[DEBUG][0m - [36mPopen(['git', 'diff-tree', 'a31a708ffdfd46c3e6ef776b24c584f54c05626e', 'trigger-private-build', '-r', '--abbrev=40', '--full-index', '-M', '--raw', '--no-color'], cwd=/Users/adaud/dev/demisto/content, universal_newlines=False, shell=None, istream=None)[0m
[32m[2021-03-03 15:14:42][0m - [MainThread] - [1;30m[DEBUG][0m - [36mPopen(['git', 'diff', '--name-only', 'origin/master...trigger-private-build'], cwd=/Users/adaud/dev/demisto/content, universal_newlines=False, shell=None, istream=None)[0m
[32m[2021-03-03 15:14:49][0m - [MainThread] - [1;30m[DEBUG][0m - [36mPopen(['git', 'diff-tree', 'a31a708ffdfd46c3e6ef776b24c584f54c05626e', 'trigger-private-build', '-r', '--abbrev=40', '--full-index', '-M', '--raw', '--no-color'], cwd=/Users/adaud/dev/demisto/content, universal_newlines=False, shell=None, istream=None)[0m
[32m[2021-03-03 15:14:49][0m - [MainThread] - [1;30m[DEBUG][0m - [36mPopen(['git', 'diff', '--name-only', 'origin/master...trigger-private-build'], cwd=/Users/adaud/dev/demisto/content, universal_newlines=False, shell=None, istream=None)[0m
[32m[2021-03-03 15:14:56][0m - [MainThread] - [1;30m[DEBUG][0m - [36mPopen(['git', 'diff-tree', 'a31a708ffdfd46c3e6ef776b24c584f54c05626e', 'trigger-private-build', '-r', '--abbrev=40', '--full-index', '-M', '--raw', '--no-color'], cwd=/Users/adaud/dev/demisto/content, universal_newlines=False, shell=None, istream=None)[0m
[32m[2021-03-03 15:14:56][0m - [MainThread] - [1;30m[DEBUG][0m - [36mPopen(['git', 'diff', '--name-only', 'origin/master...trigger-private-build'], cwd=/Users/adaud/dev/demisto/content, universal_newlines=False, shell=None, istream=None)[0m
[32m[2021-03-03 15:15:04][0m - [MainThread] - [1;30m[DEBUG][0m - [36mPopen(['git', 'diff-tree', 'a31a708ffdfd46c3e6ef776b24c584f54c05626e', 'trigger-private-build', '-r', '--abbrev=40', '--full-index', '-M', '--raw', '--no-color'], cwd=/Users/adaud/dev/demisto/content, universal_newlines=False, shell=None, istream=None)[0m
[32m[2021-03-03 15:15:04][0m - [MainThread] - [1;30m[DEBUG][0m - [36mPopen(['git', 'diff', '--name-only', 'origin/master...trigger-private-build'], cwd=/Users/adaud/dev/demisto/content, universal_newlines=False, shell=None, istream=None)[0m
[32m[2021-03-03 15:15:04][0m - [MainThread] - [1;30m[DEBUG][0m - [36mPopen(['git', 'diff-tree', 'a31a708ffdfd46c3e6ef776b24c584f54c05626e', 'trigger-private-build', '-r', '--abbrev=40', '--full-index', '-M', '--raw', '--no-color'], cwd=/Users/adaud/dev/demisto/content, universal_newlines=False, shell=None, istream=None)[0m
[32m[2021-03-03 15:15:04][0m - [MainThread] - [1;30m[DEBUG][0m - [36mPopen(['git', 'diff', '--name-only', 'origin/master...trigger-private-build'], cwd=/Users/adaud/dev/demisto/content, universal_newlines=False, shell=None, istream=None)[0m
[32m[2021-03-03 15:15:08][0m - [MainThread] - [1;30m[DEBUG][0m - [36mPopen(['git', 'diff-tree', 'a31a708ffdfd46c3e6ef776b24c584f54c05626e', 'trigger-private-build', '-r', '--abbrev=40', '--full-index', '-M', '--raw', '--no-color'], cwd=/Users/adaud/dev/demisto/content, universal_newlines=False, shell=None, istream=None)[0m
[32m[2021-03-03 15:15:08][0m - [MainThread] - [1;30m[DEBUG][0m - [36mPopen(['git', 'diff', '--name-only', 'origin/master...trigger-private-build'], cwd=/Users/adaud/dev/demisto/content, universal_newlines=False, shell=None, istream=None)[0m
[32m[2021-03-03 15:15:08][0m - [MainThread] - [1;30m[DEBUG][0m - [36mPopen(['git', 'diff-tree', 'a31a708ffdfd46c3e6ef776b24c584f54c05626e', 'trigger-private-build', '-r', '--abbrev=40', '--full-index', '-M', '--raw', '--no-color'], cwd=/Users/adaud/dev/demisto/content, universal_newlines=False, shell=None, istream=None)[0m
[32m[2021-03-03 15:15:08][0m - [MainThread] - [1;30m[DEBUG][0m - [36mPopen(['git', 'diff', '--name-only', 'origin/master...trigger-private-build'], cwd=/Users/adaud/dev/demisto/content, universal_newlines=False, shell=None, istream=None)[0m
[32m[2021-03-03 15:16:03][0m - [MainThread] - [1;30m[DEBUG][0m - [36mPopen(['git', 'cat-file', '--batch-check'], cwd=/Users/adaud/dev/demisto/content, universal_newlines=False, shell=None, istream=<valid stream>)[0m
[32m[2021-03-03 15:16:03][0m - [MainThread] - [1;30m[DEBUG][0m - [36mPopen(['git', 'diff-tree', 'a31a708ffdfd46c3e6ef776b24c584f54c05626e', 'trigger-private-build', '-r', '--abbrev=40', '--full-index', '-M', '--raw', '--no-color'], cwd=/Users/adaud/dev/demisto/content, universal_newlines=False, shell=None, istream=None)[0m
[32m[2021-03-03 15:16:03][0m - [Thread-8] - [1;30m[DEBUG][0m - [36mPopen(['git', 'cat-file', '--batch'], cwd=/Users/adaud/dev/demisto/content, universal_newlines=False, shell=None, istream=<valid stream>)[0m
[32m[2021-03-03 15:16:03][0m - [MainThread] - [1;30m[DEBUG][0m - [36mPopen(['git', 'diff', '--name-only', 'origin/master...trigger-private-build'], cwd=/Users/adaud/dev/demisto/content, universal_newlines=False, shell=None, istream=None)[0m
[32m[2021-03-03 15:16:03][0m - [MainThread] - [1;30m[DEBUG][0m - [36mPopen(['git', 'diff-tree', 'a31a708ffdfd46c3e6ef776b24c584f54c05626e', 'trigger-private-build', '-r', '--abbrev=40', '--full-index', '-M', '--raw', '--no-color'], cwd=/Users/adaud/dev/demisto/content, universal_newlines=False, shell=None, istream=None)[0m
[32m[2021-03-03 15:16:03][0m - [MainThread] - [1;30m[DEBUG][0m - [36mPopen(['git', 'diff', '--name-only', 'origin/master...trigger-private-build'], cwd=/Users/adaud/dev/demisto/content, universal_newlines=False, shell=None, istream=None)[0m
[32m[2021-03-03 15:16:03][0m - [MainThread] - [1;30m[DEBUG][0m - [36mPopen(['git', 'diff-tree', 'a31a708ffdfd46c3e6ef776b24c584f54c05626e', 'trigger-private-build', '-r', '--abbrev=40', '--full-index', '-M', '--raw', '--no-color'], cwd=/Users/adaud/dev/demisto/content, universal_newlines=False, shell=None, istream=None)[0m
[32m[2021-03-03 15:16:03][0m - [MainThread] - [1;30m[DEBUG][0m - [36mPopen(['git', 'diff', '--name-only', 'origin/master...trigger-private-build'], cwd=/Users/adaud/dev/demisto/content, universal_newlines=False, shell=None, istream=None)[0m
[32m[2021-03-03 15:16:03][0m - [MainThread] - [1;30m[DEBUG][0m - [36mPopen(['git', 'diff-tree', 'a31a708ffdfd46c3e6ef776b24c584f54c05626e', 'trigger-private-build', '-r', '--abbrev=40', '--full-index', '-M', '--raw', '--no-color'], cwd=/Users/adaud/dev/demisto/content, universal_newlines=False, shell=None, istream=None)[0m
[32m[2021-03-03 15:16:03][0m - [MainThread] - [1;30m[DEBUG][0m - [36mPopen(['git', 'diff', '--name-only', 'origin/master...trigger-private-build'], cwd=/Users/adaud/dev/demisto/content, universal_newlines=False, shell=None, istream=None)[0m
[32m[2021-03-03 15:16:16][0m - [MainThread] - [1;30m[DEBUG][0m - [36mPopen(['git', 'diff-tree', 'a31a708ffdfd46c3e6ef776b24c584f54c05626e', 'trigger-private-build', '-r', '--abbrev=40', '--full-index', '-M', '--raw', '--no-color'], cwd=/Users/adaud/dev/demisto/content, universal_newlines=False, shell=None, istream=None)[0m
[32m[2021-03-03 15:16:16][0m - [MainThread] - [1;30m[DEBUG][0m - [36mPopen(['git', 'diff', '--name-only', 'origin/master...trigger-private-build'], cwd=/Users/adaud/dev/demisto/content, universal_newlines=False, shell=None, istream=None)[0m
[32m[2021-03-03 15:16:16][0m - [MainThread] - [1;30m[DEBUG][0m - [36mPopen(['git', 'diff-tree', 'a31a708ffdfd46c3e6ef776b24c584f54c05626e', 'trigger-private-build', '-r', '--abbrev=40', '--full-index', '-M', '--raw', '--no-color'], cwd=/Users/adaud/dev/demisto/content, universal_newlines=False, shell=None, istream=None)[0m
[32m[2021-03-03 15:16:16][0m - [MainThread] - [1;30m[DEBUG][0m - [36mPopen(['git', 'diff', '--name-only', 'origin/master...trigger-private-build'], cwd=/Users/adaud/dev/demisto/content, universal_newlines=False, shell=None, istream=None)[0m
[32m[2021-03-03 15:17:06][0m - [MainThread] - [1;30m[DEBUG][0m - [36mPopen(['git', 'diff-tree', 'a31a708ffdfd46c3e6ef776b24c584f54c05626e', 'trigger-private-build', '-r', '--abbrev=40', '--full-index', '-M', '--raw', '--no-color'], cwd=/Users/adaud/dev/demisto/content, universal_newlines=False, shell=None, istream=None)[0m
[32m[2021-03-03 15:17:06][0m - [MainThread] - [1;30m[DEBUG][0m - [36mPopen(['git', 'diff', '--name-only', 'origin/master...trigger-private-build'], cwd=/Users/adaud/dev/demisto/content, universal_newlines=False, shell=None, istream=None)[0m
[32m[2021-03-03 15:17:06][0m - [MainThread] - [1;30m[DEBUG][0m - [36mPopen(['git', 'diff-tree', 'a31a708ffdfd46c3e6ef776b24c584f54c05626e', 'trigger-private-build', '-r', '--abbrev=40', '--full-index', '-M', '--raw', '--no-color'], cwd=/Users/adaud/dev/demisto/content, universal_newlines=False, shell=None, istream=None)[0m
[32m[2021-03-03 15:17:06][0m - [MainThread] - [1;30m[DEBUG][0m - [36mPopen(['git', 'diff', '--name-only', 'origin/master...trigger-private-build'], cwd=/Users/adaud/dev/demisto/content, universal_newlines=False, shell=None, istream=None)[0m
[32m[2021-03-03 15:17:52][0m - [MainThread] - [1;30m[DEBUG][0m - [36mPopen(['git', 'cat-file', '--batch-check'], cwd=/Users/adaud/dev/demisto/content, universal_newlines=False, shell=None, istream=<valid stream>)[0m
[32m[2021-03-03 15:17:52][0m - [MainThread] - [1;30m[DEBUG][0m - [36mPopen(['git', 'diff-tree', 'a31a708ffdfd46c3e6ef776b24c584f54c05626e', 'trigger-private-build', '-r', '--abbrev=40', '--full-index', '-M', '--raw', '--no-color'], cwd=/Users/adaud/dev/demisto/content, universal_newlines=False, shell=None, istream=None)[0m
[32m[2021-03-03 15:17:52][0m - [Thread-7] - [1;30m[DEBUG][0m - [36mPopen(['git', 'cat-file', '--batch'], cwd=/Users/adaud/dev/demisto/content, universal_newlines=False, shell=None, istream=<valid stream>)[0m
[32m[2021-03-03 15:17:52][0m - [MainThread] - [1;30m[DEBUG][0m - [36mPopen(['git', 'diff', '--name-only', 'origin/master...trigger-private-build'], cwd=/Users/adaud/dev/demisto/content, universal_newlines=False, shell=None, istream=None)[0m
[32m[2021-03-03 15:17:52][0m - [MainThread] - [1;30m[DEBUG][0m - [36mPopen(['git', 'diff-tree', 'a31a708ffdfd46c3e6ef776b24c584f54c05626e', 'trigger-private-build', '-r', '--abbrev=40', '--full-index', '-M', '--raw', '--no-color'], cwd=/Users/adaud/dev/demisto/content, universal_newlines=False, shell=None, istream=None)[0m
[32m[2021-03-03 15:17:52][0m - [MainThread] - [1;30m[DEBUG][0m - [36mPopen(['git', 'diff', '--name-only', 'origin/master...trigger-private-build'], cwd=/Users/adaud/dev/demisto/content, universal_newlines=False, shell=None, istream=None)[0m
[32m[2021-03-03 15:17:52][0m - [MainThread] - [1;30m[DEBUG][0m - [36mPopen(['git', 'diff-tree', 'a31a708ffdfd46c3e6ef776b24c584f54c05626e', 'trigger-private-build', '-r', '--abbrev=40', '--full-index', '-M', '--raw', '--no-color'], cwd=/Users/adaud/dev/demisto/content, universal_newlines=False, shell=None, istream=None)[0m
[32m[2021-03-03 15:17:52][0m - [MainThread] - [1;30m[DEBUG][0m - [36mPopen(['git', 'diff', '--name-only', 'origin/master...trigger-private-build'], cwd=/Users/adaud/dev/demisto/content, universal_newlines=False, shell=None, istream=None)[0m
[32m[2021-03-03 15:17:52][0m - [MainThread] - [1;30m[DEBUG][0m - [36mPopen(['git', 'diff-tree', 'a31a708ffdfd46c3e6ef776b24c584f54c05626e', 'trigger-private-build', '-r', '--abbrev=40', '--full-index', '-M', '--raw', '--no-color'], cwd=/Users/adaud/dev/demisto/content, universal_newlines=False, shell=None, istream=None)[0m
[32m[2021-03-03 15:17:52][0m - [MainThread] - [1;30m[DEBUG][0m - [36mPopen(['git', 'diff', '--name-only', 'origin/master...trigger-private-build'], cwd=/Users/adaud/dev/demisto/content, universal_newlines=False, shell=None, istream=None)[0m
[32m[2021-03-03 15:17:57][0m - [MainThread] - [1;30m[DEBUG][0m - [36mPopen(['git', 'diff-tree', 'a31a708ffdfd46c3e6ef776b24c584f54c05626e', 'trigger-private-build', '-r', '--abbrev=40', '--full-index', '-M', '--raw', '--no-color'], cwd=/Users/adaud/dev/demisto/content, universal_newlines=False, shell=None, istream=None)[0m
[32m[2021-03-03 15:17:57][0m - [MainThread] - [1;30m[DEBUG][0m - [36mPopen(['git', 'diff', '--name-only', 'origin/master...trigger-private-build'], cwd=/Users/adaud/dev/demisto/content, universal_newlines=False, shell=None, istream=None)[0m
[32m[2021-03-03 15:17:57][0m - [MainThread] - [1;30m[DEBUG][0m - [36mPopen(['git', 'diff-tree', 'a31a708ffdfd46c3e6ef776b24c584f54c05626e', 'trigger-private-build', '-r', '--abbrev=40', '--full-index', '-M', '--raw', '--no-color'], cwd=/Users/adaud/dev/demisto/content, universal_newlines=False, shell=None, istream=None)[0m
[32m[2021-03-03 15:17:57][0m - [MainThread] - [1;30m[DEBUG][0m - [36mPopen(['git', 'diff', '--name-only', 'origin/master...trigger-private-build'], cwd=/Users/adaud/dev/demisto/content, universal_newlines=False, shell=None, istream=None)[0m
[32m[2021-03-03 15:17:57][0m - [MainThread] - [1;30m[DEBUG][0m - [36mPopen(['git', 'diff-tree', 'a31a708ffdfd46c3e6ef776b24c584f54c05626e', 'trigger-private-build', '-r', '--abbrev=40', '--full-index', '-M', '--raw', '--no-color'], cwd=/Users/adaud/dev/demisto/content, universal_newlines=False, shell=None, istream=None)[0m
[32m[2021-03-03 15:17:57][0m - [MainThread] - [1;30m[DEBUG][0m - [36mPopen(['git', 'diff', '--name-only', 'origin/master...trigger-private-build'], cwd=/Users/adaud/dev/demisto/content, universal_newlines=False, shell=None, istream=None)[0m
[32m[2021-03-03 15:17:57][0m - [MainThread] - [1;30m[DEBUG][0m - [36mPopen(['git', 'diff-tree', 'a31a708ffdfd46c3e6ef776b24c584f54c05626e', 'trigger-private-build', '-r', '--abbrev=40', '--full-index', '-M', '--raw', '--no-color'], cwd=/Users/adaud/dev/demisto/content, universal_newlines=False, shell=None, istream=None)[0m
[32m[2021-03-03 15:17:57][0m - [MainThread] - [1;30m[DEBUG][0m - [36mPopen(['git', 'diff', '--name-only', 'origin/master...trigger-private-build'], cwd=/Users/adaud/dev/demisto/content, universal_newlines=False, shell=None, istream=None)[0m
[32m[2021-03-03 15:18:50][0m - [MainThread] - [1;30m[DEBUG][0m - [36mPopen(['git', 'cat-file', '--batch-check'], cwd=/Users/adaud/dev/demisto/content, universal_newlines=False, shell=None, istream=<valid stream>)[0m
[32m[2021-03-03 15:18:51][0m - [MainThread] - [1;30m[DEBUG][0m - [36mPopen(['git', 'diff-tree', 'a31a708ffdfd46c3e6ef776b24c584f54c05626e', 'trigger-private-build', '-r', '--abbrev=40', '--full-index', '-M', '--raw', '--no-color'], cwd=/Users/adaud/dev/demisto/content, universal_newlines=False, shell=None, istream=None)[0m
[32m[2021-03-03 15:18:51][0m - [Thread-7] - [1;30m[DEBUG][0m - [36mPopen(['git', 'cat-file', '--batch'], cwd=/Users/adaud/dev/demisto/content, universal_newlines=False, shell=None, istream=<valid stream>)[0m
[32m[2021-03-03 15:18:51][0m - [MainThread] - [1;30m[DEBUG][0m - [36mPopen(['git', 'diff', '--name-only', 'origin/master...trigger-private-build'], cwd=/Users/adaud/dev/demisto/content, universal_newlines=False, shell=None, istream=None)[0m
[32m[2021-03-03 15:18:51][0m - [MainThread] - [1;30m[DEBUG][0m - [36mPopen(['git', 'diff-tree', 'a31a708ffdfd46c3e6ef776b24c584f54c05626e', 'trigger-private-build', '-r', '--abbrev=40', '--full-index', '-M', '--raw', '--no-color'], cwd=/Users/adaud/dev/demisto/content, universal_newlines=False, shell=None, istream=None)[0m
[32m[2021-03-03 15:18:51][0m - [MainThread] - [1;30m[DEBUG][0m - [36mPopen(['git', 'diff', '--name-only', 'origin/master...trigger-private-build'], cwd=/Users/adaud/dev/demisto/content, universal_newlines=False, shell=None, istream=None)[0m
[32m[2021-03-03 15:18:51][0m - [MainThread] - [1;30m[DEBUG][0m - [36mPopen(['git', 'diff-tree', 'a31a708ffdfd46c3e6ef776b24c584f54c05626e', 'trigger-private-build', '-r', '--abbrev=40', '--full-index', '-M', '--raw', '--no-color'], cwd=/Users/adaud/dev/demisto/content, universal_newlines=False, shell=None, istream=None)[0m
[32m[2021-03-03 15:18:51][0m - [MainThread] - [1;30m[DEBUG][0m - [36mPopen(['git', 'diff', '--name-only', 'origin/master...trigger-private-build'], cwd=/Users/adaud/dev/demisto/content, universal_newlines=False, shell=None, istream=None)[0m
[32m[2021-03-03 15:18:51][0m - [MainThread] - [1;30m[DEBUG][0m - [36mPopen(['git', 'diff-tree', 'a31a708ffdfd46c3e6ef776b24c584f54c05626e', 'trigger-private-build', '-r', '--abbrev=40', '--full-index', '-M', '--raw', '--no-color'], cwd=/Users/adaud/dev/demisto/content, universal_newlines=False, shell=None, istream=None)[0m
[32m[2021-03-03 15:18:51][0m - [MainThread] - [1;30m[DEBUG][0m - [36mPopen(['git', 'diff', '--name-only', 'origin/master...trigger-private-build'], cwd=/Users/adaud/dev/demisto/content, universal_newlines=False, shell=None, istream=None)[0m
[32m[2021-03-03 15:18:51][0m - [MainThread] - [1;30m[DEBUG][0m - [36mPopen(['git', 'diff-tree', 'a31a708ffdfd46c3e6ef776b24c584f54c05626e', 'trigger-private-build', '-r', '--abbrev=40', '--full-index', '-M', '--raw', '--no-color'], cwd=/Users/adaud/dev/demisto/content, universal_newlines=False, shell=None, istream=None)[0m
[32m[2021-03-03 15:18:51][0m - [MainThread] - [1;30m[DEBUG][0m - [36mPopen(['git', 'diff', '--name-only', 'origin/master...trigger-private-build'], cwd=/Users/adaud/dev/demisto/content, universal_newlines=False, shell=None, istream=None)[0m
[32m[2021-03-03 15:18:51][0m - [MainThread] - [1;30m[DEBUG][0m - [36mPopen(['git', 'diff-tree', 'a31a708ffdfd46c3e6ef776b24c584f54c05626e', 'trigger-private-build', '-r', '--abbrev=40', '--full-index', '-M', '--raw', '--no-color'], cwd=/Users/adaud/dev/demisto/content, universal_newlines=False, shell=None, istream=None)[0m
[32m[2021-03-03 15:18:51][0m - [MainThread] - [1;30m[DEBUG][0m - [36mPopen(['git', 'diff', '--name-only', 'origin/master...trigger-private-build'], cwd=/Users/adaud/dev/demisto/content, universal_newlines=False, shell=None, istream=None)[0m
[32m[2021-03-03 15:18:51][0m - [MainThread] - [1;30m[DEBUG][0m - [36mPopen(['git', 'diff-tree', 'a31a708ffdfd46c3e6ef776b24c584f54c05626e', 'trigger-private-build', '-r', '--abbrev=40', '--full-index', '-M', '--raw', '--no-color'], cwd=/Users/adaud/dev/demisto/content, universal_newlines=False, shell=None, istream=None)[0m
[32m[2021-03-03 15:18:52][0m - [MainThread] - [1;30m[DEBUG][0m - [36mPopen(['git', 'diff', '--name-only', 'origin/master...trigger-private-build'], cwd=/Users/adaud/dev/demisto/content, universal_newlines=False, shell=None, istream=None)[0m
[32m[2021-03-03 15:18:52][0m - [MainThread] - [1;30m[DEBUG][0m - [36mPopen(['git', 'diff-tree', 'a31a708ffdfd46c3e6ef776b24c584f54c05626e', 'trigger-private-build', '-r', '--abbrev=40', '--full-index', '-M', '--raw', '--no-color'], cwd=/Users/adaud/dev/demisto/content, universal_newlines=False, shell=None, istream=None)[0m
[32m[2021-03-03 15:18:52][0m - [MainThread] - [1;30m[DEBUG][0m - [36mPopen(['git', 'diff', '--name-only', 'origin/master...trigger-private-build'], cwd=/Users/adaud/dev/demisto/content, universal_newlines=False, shell=None, istream=None)[0m
[32m[2021-03-03 15:57:20][0m - [MainThread] - [1;30m[DEBUG][0m - [36mPopen(['git', 'cat-file', '--batch-check'], cwd=/Users/adaud/dev/demisto/content, universal_newlines=False, shell=None, istream=<valid stream>)[0m
[32m[2021-03-03 15:57:20][0m - [MainThread] - [1;30m[DEBUG][0m - [36mPopen(['git', 'diff-tree', 'a31a708ffdfd46c3e6ef776b24c584f54c05626e', 'trigger-private-build', '-r', '--abbrev=40', '--full-index', '-M', '--raw', '--no-color'], cwd=/Users/adaud/dev/demisto/content, universal_newlines=False, shell=None, istream=None)[0m
[32m[2021-03-03 15:57:20][0m - [Thread-8] - [1;30m[DEBUG][0m - [36mPopen(['git', 'cat-file', '--batch'], cwd=/Users/adaud/dev/demisto/content, universal_newlines=False, shell=None, istream=<valid stream>)[0m
[32m[2021-03-03 15:57:20][0m - [MainThread] - [1;30m[DEBUG][0m - [36mPopen(['git', 'diff', '--name-only', 'origin/master...trigger-private-build'], cwd=/Users/adaud/dev/demisto/content, universal_newlines=False, shell=None, istream=None)[0m
[32m[2021-03-03 15:57:20][0m - [MainThread] - [1;30m[DEBUG][0m - [36mPopen(['git', 'diff-tree', 'a31a708ffdfd46c3e6ef776b24c584f54c05626e', 'trigger-private-build', '-r', '--abbrev=40', '--full-index', '-M', '--raw', '--no-color'], cwd=/Users/adaud/dev/demisto/content, universal_newlines=False, shell=None, istream=None)[0m
[32m[2021-03-03 15:57:20][0m - [MainThread] - [1;30m[DEBUG][0m - [36mPopen(['git', 'diff', '--name-only', 'origin/master...trigger-private-build'], cwd=/Users/adaud/dev/demisto/content, universal_newlines=False, shell=None, istream=None)[0m
[32m[2021-03-03 15:57:20][0m - [MainThread] - [1;30m[DEBUG][0m - [36mPopen(['git', 'diff-tree', 'a31a708ffdfd46c3e6ef776b24c584f54c05626e', 'trigger-private-build', '-r', '--abbrev=40', '--full-index', '-M', '--raw', '--no-color'], cwd=/Users/adaud/dev/demisto/content, universal_newlines=False, shell=None, istream=None)[0m
[32m[2021-03-03 15:57:21][0m - [MainThread] - [1;30m[DEBUG][0m - [36mPopen(['git', 'diff', '--name-only', 'origin/master...trigger-private-build'], cwd=/Users/adaud/dev/demisto/content, universal_newlines=False, shell=None, istream=None)[0m
[32m[2021-03-03 15:57:21][0m - [MainThread] - [1;30m[DEBUG][0m - [36mPopen(['git', 'diff-tree', 'a31a708ffdfd46c3e6ef776b24c584f54c05626e', 'trigger-private-build', '-r', '--abbrev=40', '--full-index', '-M', '--raw', '--no-color'], cwd=/Users/adaud/dev/demisto/content, universal_newlines=False, shell=None, istream=None)[0m
[32m[2021-03-03 15:57:21][0m - [MainThread] - [1;30m[DEBUG][0m - [36mPopen(['git', 'diff', '--name-only', 'origin/master...trigger-private-build'], cwd=/Users/adaud/dev/demisto/content, universal_newlines=False, shell=None, istream=None)[0m
[32m[2021-03-03 15:57:22][0m - [MainThread] - [1;30m[DEBUG][0m - [36mPopen(['git', 'diff-tree', 'a31a708ffdfd46c3e6ef776b24c584f54c05626e', 'trigger-private-build', '-r', '--abbrev=40', '--full-index', '-M', '--raw', '--no-color'], cwd=/Users/adaud/dev/demisto/content, universal_newlines=False, shell=None, istream=None)[0m
[32m[2021-03-03 15:57:22][0m - [MainThread] - [1;30m[DEBUG][0m - [36mPopen(['git', 'diff', '--name-only', 'origin/master...trigger-private-build'], cwd=/Users/adaud/dev/demisto/content, universal_newlines=False, shell=None, istream=None)[0m
[32m[2021-03-03 15:57:23][0m - [MainThread] - [1;30m[DEBUG][0m - [36mPopen(['git', 'diff-tree', 'a31a708ffdfd46c3e6ef776b24c584f54c05626e', 'trigger-private-build', '-r', '--abbrev=40', '--full-index', '-M', '--raw', '--no-color'], cwd=/Users/adaud/dev/demisto/content, universal_newlines=False, shell=None, istream=None)[0m
[32m[2021-03-03 15:57:23][0m - [MainThread] - [1;30m[DEBUG][0m - [36mPopen(['git', 'diff', '--name-only', 'origin/master...trigger-private-build'], cwd=/Users/adaud/dev/demisto/content, universal_newlines=False, shell=None, istream=None)[0m
[32m[2021-03-03 15:57:24][0m - [MainThread] - [1;30m[DEBUG][0m - [36mPopen(['git', 'diff-tree', 'a31a708ffdfd46c3e6ef776b24c584f54c05626e', 'trigger-private-build', '-r', '--abbrev=40', '--full-index', '-M', '--raw', '--no-color'], cwd=/Users/adaud/dev/demisto/content, universal_newlines=False, shell=None, istream=None)[0m
[32m[2021-03-03 15:57:24][0m - [MainThread] - [1;30m[DEBUG][0m - [36mPopen(['git', 'diff', '--name-only', 'origin/master...trigger-private-build'], cwd=/Users/adaud/dev/demisto/content, universal_newlines=False, shell=None, istream=None)[0m
[32m[2021-03-03 15:57:24][0m - [MainThread] - [1;30m[DEBUG][0m - [36mPopen(['git', 'diff-tree', 'a31a708ffdfd46c3e6ef776b24c584f54c05626e', 'trigger-private-build', '-r', '--abbrev=40', '--full-index', '-M', '--raw', '--no-color'], cwd=/Users/adaud/dev/demisto/content, universal_newlines=False, shell=None, istream=None)[0m
[32m[2021-03-03 15:57:24][0m - [MainThread] - [1;30m[DEBUG][0m - [36mPopen(['git', 'diff', '--name-only', 'origin/master...trigger-private-build'], cwd=/Users/adaud/dev/demisto/content, universal_newlines=False, shell=None, istream=None)[0m
[32m[2021-03-03 16:10:06][0m - [MainThread] - [1;30m[DEBUG][0m - [36mPopen(['git', 'cat-file', '--batch-check'], cwd=/Users/adaud/dev/demisto/content, universal_newlines=False, shell=None, istream=<valid stream>)[0m
[32m[2021-03-03 16:10:06][0m - [MainThread] - [1;30m[DEBUG][0m - [36mPopen(['git', 'diff-tree', 'a31a708ffdfd46c3e6ef776b24c584f54c05626e', 'trigger-private-build', '-r', '--abbrev=40', '--full-index', '-M', '--raw', '--no-color'], cwd=/Users/adaud/dev/demisto/content, universal_newlines=False, shell=None, istream=None)[0m
[32m[2021-03-03 16:10:06][0m - [Thread-7] - [1;30m[DEBUG][0m - [36mPopen(['git', 'cat-file', '--batch'], cwd=/Users/adaud/dev/demisto/content, universal_newlines=False, shell=None, istream=<valid stream>)[0m
[32m[2021-03-03 16:10:06][0m - [MainThread] - [1;30m[DEBUG][0m - [36mPopen(['git', 'diff', '--name-only', 'origin/master...trigger-private-build'], cwd=/Users/adaud/dev/demisto/content, universal_newlines=False, shell=None, istream=None)[0m
[32m[2021-03-03 16:10:06][0m - [MainThread] - [1;30m[DEBUG][0m - [36mPopen(['git', 'diff-tree', 'a31a708ffdfd46c3e6ef776b24c584f54c05626e', 'trigger-private-build', '-r', '--abbrev=40', '--full-index', '-M', '--raw', '--no-color'], cwd=/Users/adaud/dev/demisto/content, universal_newlines=False, shell=None, istream=None)[0m
[32m[2021-03-03 16:10:06][0m - [MainThread] - [1;30m[DEBUG][0m - [36mPopen(['git', 'diff', '--name-only', 'origin/master...trigger-private-build'], cwd=/Users/adaud/dev/demisto/content, universal_newlines=False, shell=None, istream=None)[0m
[32m[2021-03-03 16:10:06][0m - [MainThread] - [1;30m[DEBUG][0m - [36mPopen(['git', 'diff-tree', 'a31a708ffdfd46c3e6ef776b24c584f54c05626e', 'trigger-private-build', '-r', '--abbrev=40', '--full-index', '-M', '--raw', '--no-color'], cwd=/Users/adaud/dev/demisto/content, universal_newlines=False, shell=None, istream=None)[0m
[32m[2021-03-03 16:10:06][0m - [MainThread] - [1;30m[DEBUG][0m - [36mPopen(['git', 'diff', '--name-only', 'origin/master...trigger-private-build'], cwd=/Users/adaud/dev/demisto/content, universal_newlines=False, shell=None, istream=None)[0m
[32m[2021-03-03 16:10:06][0m - [MainThread] - [1;30m[DEBUG][0m - [36mPopen(['git', 'diff-tree', 'a31a708ffdfd46c3e6ef776b24c584f54c05626e', 'trigger-private-build', '-r', '--abbrev=40', '--full-index', '-M', '--raw', '--no-color'], cwd=/Users/adaud/dev/demisto/content, universal_newlines=False, shell=None, istream=None)[0m
[32m[2021-03-03 16:10:06][0m - [MainThread] - [1;30m[DEBUG][0m - [36mPopen(['git', 'diff', '--name-only', 'origin/master...trigger-private-build'], cwd=/Users/adaud/dev/demisto/content, universal_newlines=False, shell=None, istream=None)[0m
[32m[2021-03-03 16:10:06][0m - [MainThread] - [1;30m[DEBUG][0m - [36mPopen(['git', 'diff-tree', 'a31a708ffdfd46c3e6ef776b24c584f54c05626e', 'trigger-private-build', '-r', '--abbrev=40', '--full-index', '-M', '--raw', '--no-color'], cwd=/Users/adaud/dev/demisto/content, universal_newlines=False, shell=None, istream=None)[0m
[32m[2021-03-03 16:10:07][0m - [MainThread] - [1;30m[DEBUG][0m - [36mPopen(['git', 'diff', '--name-only', 'origin/master...trigger-private-build'], cwd=/Users/adaud/dev/demisto/content, universal_newlines=False, shell=None, istream=None)[0m
[32m[2021-03-03 16:10:07][0m - [MainThread] - [1;30m[DEBUG][0m - [36mPopen(['git', 'diff-tree', 'a31a708ffdfd46c3e6ef776b24c584f54c05626e', 'trigger-private-build', '-r', '--abbrev=40', '--full-index', '-M', '--raw', '--no-color'], cwd=/Users/adaud/dev/demisto/content, universal_newlines=False, shell=None, istream=None)[0m
[32m[2021-03-03 16:10:07][0m - [MainThread] - [1;30m[DEBUG][0m - [36mPopen(['git', 'diff', '--name-only', 'origin/master...trigger-private-build'], cwd=/Users/adaud/dev/demisto/content, universal_newlines=False, shell=None, istream=None)[0m
[32m[2021-03-03 16:10:07][0m - [MainThread] - [1;30m[DEBUG][0m - [36mPopen(['git', 'diff-tree', 'a31a708ffdfd46c3e6ef776b24c584f54c05626e', 'trigger-private-build', '-r', '--abbrev=40', '--full-index', '-M', '--raw', '--no-color'], cwd=/Users/adaud/dev/demisto/content, universal_newlines=False, shell=None, istream=None)[0m
[32m[2021-03-03 16:10:07][0m - [MainThread] - [1;30m[DEBUG][0m - [36mPopen(['git', 'diff', '--name-only', 'origin/master...trigger-private-build'], cwd=/Users/adaud/dev/demisto/content, universal_newlines=False, shell=None, istream=None)[0m
[32m[2021-03-03 16:10:07][0m - [MainThread] - [1;30m[DEBUG][0m - [36mPopen(['git', 'diff-tree', 'a31a708ffdfd46c3e6ef776b24c584f54c05626e', 'trigger-private-build', '-r', '--abbrev=40', '--full-index', '-M', '--raw', '--no-color'], cwd=/Users/adaud/dev/demisto/content, universal_newlines=False, shell=None, istream=None)[0m
[32m[2021-03-03 16:10:07][0m - [MainThread] - [1;30m[DEBUG][0m - [36mPopen(['git', 'diff', '--name-only', 'origin/master...trigger-private-build'], cwd=/Users/adaud/dev/demisto/content, universal_newlines=False, shell=None, istream=None)[0m
